<?xml version="1.0" encoding="UTF-8"?>
<!-- Generated by org.testng.reporters.JUnitReportReporter -->
<testsuite hostname="ICPL11500" name="Script.TestApp" tests="1" failures="0" timestamp="1 Feb 2018 11:40:21 GMT" time="126.115" errors="0">
  <testcase name="testApp" time="126.115" classname="Script.TestApp"/>
</testsuite> <!-- Script.TestApp -->
